<?xml version="1.0" encoding="UTF-8" ?>
<testsuite tests="13" failures="2" name="lt.viko.eif.vsubotkovski.companytoxml.models.CompanyTest" time="0.048" errors="0" skipped="0">
  <properties>
[...]
</properties>
  <testcase classname="lt.viko.eif.vsubotkovski.companytoxml.models.CompanyTest" name="lt.viko.eif.vsubotkovski.companytoxml.models.CompanyTest.testGetCity" time="0.003"/>
  <testcase classname="lt.viko.eif.vsubotkovski.companytoxml.models.CompanyTest" name="lt.viko.eif.vsubotkovski.companytoxml.models.CompanyTest.testSetTel" time="0"/>
  <testcase classname="lt.viko.eif.vsubotkovski.companytoxml.models.CompanyTest" name="lt.viko.eif.vsubotkovski.companytoxml.models.CompanyTest.testSetCity" time="0"/>
  <testcase classname="lt.viko.eif.vsubotkovski.companytoxml.models.CompanyTest" name="lt.viko.eif.vsubotkovski.companytoxml.models.CompanyTest.testSetCompanyName" time="0"/>
  <testcase classname="lt.viko.eif.vsubotkovski.companytoxml.models.CompanyTest" name="lt.viko.eif.vsubotkovski.companytoxml.models.CompanyTest.testGetCompanyName" time="0"/>
  <testcase classname="lt.viko.eif.vsubotkovski.companytoxml.models.CompanyTest" name="lt.viko.eif.vsubotkovski.companytoxml.models.CompanyTest.testGetAdress" time="0"/>
  <testcase classname="lt.viko.eif.vsubotkovski.companytoxml.models.CompanyTest" name="lt.viko.eif.vsubotkovski.companytoxml.models.CompanyTest.testToString" time="0.04"/>
  <testcase classname="lt.viko.eif.vsubotkovski.companytoxml.models.CompanyTest" name="lt.viko.eif.vsubotkovski.companytoxml.models.CompanyTest.testGetVehicles" time="0.005">
    <failure message="The test case is a prototype." type="org.opentest4j.AssertionFailedError">org.opentest4j.AssertionFailedError: The test case is a prototype.
	at org.junit.jupiter.api.AssertionUtils.fail(AssertionUtils.java:38)
	at org.junit.jupiter.api.Assertions.fail(Assertions.java:84)
	at lt.viko.eif.vsubotkovski.companytoxml.models.CompanyTest.testGetVehicles(CompanyTest.java:186)
</failure>
    <system-out>getVehicles
</system-out>
  </testcase>
  <testcase classname="lt.viko.eif.vsubotkovski.companytoxml.models.CompanyTest" name="lt.viko.eif.vsubotkovski.companytoxml.models.CompanyTest.testSetAdress" time="0"/>
  <testcase classname="lt.viko.eif.vsubotkovski.companytoxml.models.CompanyTest" name="lt.viko.eif.vsubotkovski.companytoxml.models.CompanyTest.testSetVehicles" time="0">
    <failure message="The test case is a prototype." type="org.opentest4j.AssertionFailedError">org.opentest4j.AssertionFailedError: The test case is a prototype.
	at org.junit.jupiter.api.AssertionUtils.fail(AssertionUtils.java:38)
	at org.junit.jupiter.api.Assertions.fail(Assertions.java:84)
	at lt.viko.eif.vsubotkovski.companytoxml.models.CompanyTest.testSetVehicles(CompanyTest.java:199)
</failure>
    <system-out>setVehicles
</system-out>
  </testcase>
  <testcase classname="lt.viko.eif.vsubotkovski.companytoxml.models.CompanyTest" name="lt.viko.eif.vsubotkovski.companytoxml.models.CompanyTest.testGetUrlAdress" time="0"/>
  <testcase classname="lt.viko.eif.vsubotkovski.companytoxml.models.CompanyTest" name="lt.viko.eif.vsubotkovski.companytoxml.models.CompanyTest.testSetUrlAdress" time="0"/>
  <testcase classname="lt.viko.eif.vsubotkovski.companytoxml.models.CompanyTest" name="lt.viko.eif.vsubotkovski.companytoxml.models.CompanyTest.testGetTel" time="0"/>
</testsuite>